{"total": {"lines":{"total":473,"covered":89,"skipped":0,"pct":18.81},"statements":{"total":553,"covered":96,"skipped":0,"pct":17.35},"functions":{"total":86,"covered":12,"skipped":0,"pct":13.95},"branches":{"total":318,"covered":24,"skipped":0,"pct":7.54},"branchesTrue":{"total":0,"covered":0,"skipped":0,"pct":100}}
,"/Users/zak/opensource/illuma/src/lib/api/decorator.ts": {"lines":{"total":13,"covered":6,"skipped":0,"pct":46.15},"functions":{"total":5,"covered":1,"skipped":0,"pct":20},"statements":{"total":14,"covered":7,"skipped":0,"pct":50},"branches":{"total":0,"covered":0,"skipped":0,"pct":100}}
,"/Users/zak/opensource/illuma/src/lib/api/helpers.ts": {"lines":{"total":18,"covered":2,"skipped":0,"pct":11.11},"functions":{"total":3,"covered":0,"skipped":0,"pct":0},"statements":{"total":22,"covered":2,"skipped":0,"pct":9.09},"branches":{"total":13,"covered":0,"skipped":0,"pct":0}}
,"/Users/zak/opensource/illuma/src/lib/api/injection.ts": {"lines":{"total":16,"covered":4,"skipped":0,"pct":25},"functions":{"total":1,"covered":0,"skipped":0,"pct":0},"statements":{"total":17,"covered":4,"skipped":0,"pct":23.52},"branches":{"total":18,"covered":0,"skipped":0,"pct":0}}
,"/Users/zak/opensource/illuma/src/lib/api/token.ts": {"lines":{"total":22,"covered":7,"skipped":0,"pct":31.81},"functions":{"total":6,"covered":2,"skipped":0,"pct":33.33},"statements":{"total":27,"covered":8,"skipped":0,"pct":29.62},"branches":{"total":17,"covered":0,"skipped":0,"pct":0}}
,"/Users/zak/opensource/illuma/src/lib/container/container.ts": {"lines":{"total":110,"covered":26,"skipped":0,"pct":23.63},"functions":{"total":10,"covered":3,"skipped":0,"pct":30},"statements":{"total":128,"covered":31,"skipped":0,"pct":24.21},"branches":{"total":82,"covered":16,"skipped":0,"pct":19.51}}
,"/Users/zak/opensource/illuma/src/lib/context/context.ts": {"lines":{"total":28,"covered":20,"skipped":0,"pct":71.42},"functions":{"total":6,"covered":4,"skipped":0,"pct":66.66},"statements":{"total":29,"covered":20,"skipped":0,"pct":68.96},"branches":{"total":7,"covered":4,"skipped":0,"pct":57.14}}
,"/Users/zak/opensource/illuma/src/lib/provider/extractor.ts": {"lines":{"total":12,"covered":2,"skipped":0,"pct":16.66},"functions":{"total":3,"covered":0,"skipped":0,"pct":0},"statements":{"total":18,"covered":2,"skipped":0,"pct":11.11},"branches":{"total":14,"covered":0,"skipped":0,"pct":0}}
,"/Users/zak/opensource/illuma/src/lib/provider/proto.ts": {"lines":{"total":40,"covered":11,"skipped":0,"pct":27.5},"functions":{"total":10,"covered":2,"skipped":0,"pct":20},"statements":{"total":41,"covered":11,"skipped":0,"pct":26.82},"branches":{"total":16,"covered":4,"skipped":0,"pct":25}}
,"/Users/zak/opensource/illuma/src/lib/provider/resolver.ts": {"lines":{"total":86,"covered":4,"skipped":0,"pct":4.65},"functions":{"total":9,"covered":0,"skipped":0,"pct":0},"statements":{"total":97,"covered":4,"skipped":0,"pct":4.12},"branches":{"total":58,"covered":0,"skipped":0,"pct":0}}
,"/Users/zak/opensource/illuma/src/lib/provider/tree-node.ts": {"lines":{"total":78,"covered":2,"skipped":0,"pct":2.56},"functions":{"total":22,"covered":0,"skipped":0,"pct":0},"statements":{"total":106,"covered":2,"skipped":0,"pct":1.88},"branches":{"total":54,"covered":0,"skipped":0,"pct":0}}
,"/Users/zak/opensource/illuma/src/lib/testkit/helpers.ts": {"lines":{"total":14,"covered":0,"skipped":0,"pct":0},"functions":{"total":3,"covered":0,"skipped":0,"pct":0},"statements":{"total":15,"covered":0,"skipped":0,"pct":0},"branches":{"total":11,"covered":0,"skipped":0,"pct":0}}
,"/Users/zak/opensource/illuma/src/lib/utils/inheritance.ts": {"lines":{"total":31,"covered":3,"skipped":0,"pct":9.67},"functions":{"total":6,"covered":0,"skipped":0,"pct":0},"statements":{"total":33,"covered":3,"skipped":0,"pct":9.09},"branches":{"total":28,"covered":0,"skipped":0,"pct":0}}
,"/Users/zak/opensource/illuma/src/lib/utils/utils.ts": {"lines":{"total":5,"covered":2,"skipped":0,"pct":40},"functions":{"total":2,"covered":0,"skipped":0,"pct":0},"statements":{"total":6,"covered":2,"skipped":0,"pct":33.33},"branches":{"total":0,"covered":0,"skipped":0,"pct":100}}
}
