{"total": {"lines":{"total":394,"covered":372,"skipped":0,"pct":94.41},"statements":{"total":453,"covered":424,"skipped":0,"pct":93.59},"functions":{"total":69,"covered":57,"skipped":0,"pct":82.6},"branches":{"total":259,"covered":231,"skipped":0,"pct":89.18},"branchesTrue":{"total":0,"covered":0,"skipped":0,"pct":100}}
,"/Users/zak/opensource/illuma/src/lib/container.ts": {"lines":{"total":155,"covered":146,"skipped":0,"pct":94.19},"functions":{"total":14,"covered":14,"skipped":0,"pct":100},"statements":{"total":178,"covered":167,"skipped":0,"pct":93.82},"branches":{"total":113,"covered":99,"skipped":0,"pct":87.61}}
,"/Users/zak/opensource/illuma/src/lib/context.ts": {"lines":{"total":28,"covered":28,"skipped":0,"pct":100},"functions":{"total":6,"covered":6,"skipped":0,"pct":100},"statements":{"total":29,"covered":29,"skipped":0,"pct":100},"branches":{"total":7,"covered":7,"skipped":0,"pct":100}}
,"/Users/zak/opensource/illuma/src/lib/decorator.ts": {"lines":{"total":7,"covered":7,"skipped":0,"pct":100},"functions":{"total":3,"covered":3,"skipped":0,"pct":100},"statements":{"total":8,"covered":8,"skipped":0,"pct":100},"branches":{"total":0,"covered":0,"skipped":0,"pct":100}}
,"/Users/zak/opensource/illuma/src/lib/helpers.ts": {"lines":{"total":18,"covered":18,"skipped":0,"pct":100},"functions":{"total":3,"covered":3,"skipped":0,"pct":100},"statements":{"total":22,"covered":21,"skipped":0,"pct":95.45},"branches":{"total":13,"covered":13,"skipped":0,"pct":100}}
,"/Users/zak/opensource/illuma/src/lib/injector.ts": {"lines":{"total":16,"covered":16,"skipped":0,"pct":100},"functions":{"total":1,"covered":1,"skipped":0,"pct":100},"statements":{"total":17,"covered":17,"skipped":0,"pct":100},"branches":{"total":18,"covered":18,"skipped":0,"pct":100}}
,"/Users/zak/opensource/illuma/src/lib/token.ts": {"lines":{"total":22,"covered":21,"skipped":0,"pct":95.45},"functions":{"total":6,"covered":5,"skipped":0,"pct":83.33},"statements":{"total":27,"covered":26,"skipped":0,"pct":96.29},"branches":{"total":17,"covered":16,"skipped":0,"pct":94.11}}
,"/Users/zak/opensource/illuma/src/lib/tree-node.ts": {"lines":{"total":131,"covered":120,"skipped":0,"pct":91.6},"functions":{"total":33,"covered":22,"skipped":0,"pct":66.66},"statements":{"total":154,"covered":139,"skipped":0,"pct":90.25},"branches":{"total":80,"covered":69,"skipped":0,"pct":86.25}}
,"/Users/zak/opensource/illuma/src/lib/testkit/helpers.ts": {"lines":{"total":17,"covered":16,"skipped":0,"pct":94.11},"functions":{"total":3,"covered":3,"skipped":0,"pct":100},"statements":{"total":18,"covered":17,"skipped":0,"pct":94.44},"branches":{"total":11,"covered":9,"skipped":0,"pct":81.81}}
}
